#-----------------------------------------------------------
# Vivado v2018.3 (64-bit)
# SW Build 2405991 on Thu Dec  6 23:38:27 MST 2018
# IP Build 2404404 on Fri Dec  7 01:43:56 MST 2018
# Start of session at: Tue Apr 28 03:06:32 2020
# Process ID: 5200
# Current directory: C:/Users/yixin/Desktop/DL202010_Yi/lab9/project_1
# Command line: vivado.exe -gui_launcher_event rodinguilauncherevent10576 C:\Users\yixin\Desktop\DL202010_Yi\lab9\project_1\project_1.xpr
# Log file: C:/Users/yixin/Desktop/DL202010_Yi/lab9/project_1/vivado.log
# Journal file: C:/Users/yixin/Desktop/DL202010_Yi/lab9/project_1\vivado.jou
#-----------------------------------------------------------
start_gui
open_project C:/Users/yixin/Desktop/DL202010_Yi/lab9/project_1/project_1.xpr
INFO: [Project 1-313] Project file moved from 'C:/Users/yixin/Desktop/DL202010_Yi/project_1' since last save.
WARNING: [Project 1-312] File not found as 'C:/Users/yixin/Desktop/Downloads/switches.xdc'; using path 'C:/Users/yixin/Downloads/switches.xdc' instead.
WARNING: [Project 1-312] File not found as 'C:/Users/yixin/Desktop/Downloads/led.xdc'; using path 'C:/Users/yixin/Downloads/led.xdc' instead.
WARNING: [Project 1-312] File not found as 'C:/Users/yixin/Desktop/Downloads/clock.xdc'; using path 'C:/Users/yixin/Downloads/clock.xdc' instead.
WARNING: [Project 1-312] File not found as 'C:/Users/yixin/Desktop/Downloads/btnU.xdc'; using path 'C:/Users/yixin/Downloads/btnU.xdc' instead.
WARNING: [Project 1-312] File not found as 'C:/Users/yixin/Desktop/Downloads/btnD.xdc'; using path 'C:/Users/yixin/Downloads/btnD.xdc' instead.
WARNING: [Project 1-312] File not found as 'C:/Users/yixin/Desktop/Downloads/btnC.xdc'; using path 'C:/Users/yixin/Downloads/btnC.xdc' instead.
Scanning sources...
Finished scanning sources
WARNING: [Project 1-312] File not found as 'C:/Users/yixin/Desktop/Downloads/switches.xdc'; using path 'C:/Users/yixin/Downloads/switches.xdc' instead.
WARNING: [Project 1-312] File not found as 'C:/Users/yixin/Desktop/Downloads/led.xdc'; using path 'C:/Users/yixin/Downloads/led.xdc' instead.
WARNING: [Project 1-312] File not found as 'C:/Users/yixin/Desktop/Downloads/clock.xdc'; using path 'C:/Users/yixin/Downloads/clock.xdc' instead.
WARNING: [Project 1-312] File not found as 'C:/Users/yixin/Desktop/Downloads/btnU.xdc'; using path 'C:/Users/yixin/Downloads/btnU.xdc' instead.
WARNING: [Project 1-312] File not found as 'C:/Users/yixin/Desktop/Downloads/btnD.xdc'; using path 'C:/Users/yixin/Downloads/btnD.xdc' instead.
WARNING: [Project 1-312] File not found as 'C:/Users/yixin/Desktop/Downloads/btnC.xdc'; using path 'C:/Users/yixin/Downloads/btnC.xdc' instead.
WARNING: [Project 1-312] File not found as 'C:/Users/yixin/Desktop/Downloads/switches.xdc'; using path 'C:/Users/yixin/Downloads/switches.xdc' instead.
WARNING: [Project 1-312] File not found as 'C:/Users/yixin/Desktop/Downloads/led.xdc'; using path 'C:/Users/yixin/Downloads/led.xdc' instead.
WARNING: [Project 1-312] File not found as 'C:/Users/yixin/Desktop/Downloads/clock.xdc'; using path 'C:/Users/yixin/Downloads/clock.xdc' instead.
WARNING: [Project 1-312] File not found as 'C:/Users/yixin/Desktop/Downloads/btnU.xdc'; using path 'C:/Users/yixin/Downloads/btnU.xdc' instead.
WARNING: [Project 1-312] File not found as 'C:/Users/yixin/Desktop/Downloads/btnD.xdc'; using path 'C:/Users/yixin/Downloads/btnD.xdc' instead.
WARNING: [Project 1-312] File not found as 'C:/Users/yixin/Desktop/Downloads/btnC.xdc'; using path 'C:/Users/yixin/Downloads/btnC.xdc' instead.
INFO: [IP_Flow 19-234] Refreshing IP repositories
INFO: [IP_Flow 19-1704] No user IP repositories specified
INFO: [IP_Flow 19-2313] Loaded Vivado IP repository 'C:/Xilinx/Vivado/2018.3/data/ip'.
open_project: Time (s): cpu = 00:00:15 ; elapsed = 00:00:05 . Memory (MB): peak = 720.887 ; gain = 116.766
update_compile_order -fileset sources_1
