Copyright 1986-2018 Xilinx, Inc. All Rights Reserved.
-------------------------------------------------------------------------------------
| Tool Version : Vivado v.2018.3 (win64) Build 2405991 Thu Dec  6 23:38:27 MST 2018
| Date         : Wed Apr  1 21:43:56 2020
| Host         : DESKTOP-K5RU7EC running 64-bit major release  (build 9200)
| Command      : report_control_sets -verbose -file top_lab9_control_sets_placed.rpt
| Design       : top_lab9
| Device       : xc7a35t
-------------------------------------------------------------------------------------

Control Set Information

Table of Contents
-----------------
1. Summary
2. Histogram
3. Flip-Flop Distribution
4. Detailed Control Set Information

1. Summary
----------

+----------------------------------------------------------+-------+
|                          Status                          | Count |
+----------------------------------------------------------+-------+
| Number of unique control sets                            |     8 |
| Unused register locations in slices containing registers |    44 |
+----------------------------------------------------------+-------+


2. Histogram
------------

+--------+--------------+
| Fanout | Control Sets |
+--------+--------------+
|      1 |            6 |
|      7 |            2 |
+--------+--------------+


3. Flip-Flop Distribution
-------------------------

+--------------+-----------------------+------------------------+-----------------+--------------+
| Clock Enable | Synchronous Set/Reset | Asynchronous Set/Reset | Total Registers | Total Slices |
+--------------+-----------------------+------------------------+-----------------+--------------+
| No           | No                    | No                     |               0 |            0 |
| No           | No                    | Yes                    |               1 |            1 |
| No           | Yes                   | No                     |               2 |            2 |
| Yes          | No                    | No                     |               0 |            0 |
| Yes          | No                    | Yes                    |              17 |           11 |
| Yes          | Yes                   | No                     |               0 |            0 |
+--------------+-----------------------+------------------------+-----------------+--------------+


4. Detailed Control Set Information
-----------------------------------

+-----------------------------+---------------+----------------------------+------------------+----------------+
|         Clock Signal        | Enable Signal |      Set/Reset Signal      | Slice Load Count | Bel Load Count |
+-----------------------------+---------------+----------------------------+------------------+----------------+
|  r1/Q_reg[0]_LDC_i_1_n_0    |               | r1/Q_reg[0]_LDC_i_2_n_0    |                1 |              1 |
|  r2/Q_reg[0]_LDC_i_1__0_n_0 |               | r2/Q_reg[0]_LDC_i_2__0_n_0 |                1 |              1 |
|  clk_IBUF_BUFG              |               | r2/Q_reg[0]_LDC_i_2__0_n_0 |                1 |              1 |
|  clk_IBUF_BUFG              | btnD_IBUF     | r1/Q_reg[0]_LDC_i_2_n_0    |                1 |              1 |
|  clk_IBUF_BUFG              | btnD_IBUF     | r1/Q_reg[0]_LDC_i_1_n_0    |                1 |              1 |
|  clk_IBUF_BUFG              | btnU_IBUF     | r2/Q_reg[0]_LDC_i_1__0_n_0 |                1 |              1 |
|  clk_IBUF_BUFG              | btnD_IBUF     | btnC_IBUF                  |                3 |              7 |
|  clk_IBUF_BUFG              | btnU_IBUF     | btnC_IBUF                  |                5 |              7 |
+-----------------------------+---------------+----------------------------+------------------+----------------+


