Copyright 1986-2018 Xilinx, Inc. All Rights Reserved.
---------------------------------------------------------------------------------------
| Tool Version : Vivado v.2018.3 (win64) Build 2405991 Thu Dec  6 23:38:27 MST 2018
| Date         : Tue Apr 14 19:20:34 2020
| Host         : DESKTOP-K5RU7EC running 64-bit major release  (build 9200)
| Command      : report_control_sets -verbose -file calc_lab10_control_sets_placed.rpt
| Design       : calc_lab10
| Device       : xc7a35t
---------------------------------------------------------------------------------------

Control Set Information

Table of Contents
-----------------
1. Summary
2. Histogram
3. Flip-Flop Distribution
4. Detailed Control Set Information

1. Summary
----------

+----------------------------------------------------------+-------+
|                          Status                          | Count |
+----------------------------------------------------------+-------+
| Number of unique control sets                            |     9 |
| Unused register locations in slices containing registers |    49 |
+----------------------------------------------------------+-------+


2. Histogram
------------

+--------+--------------+
| Fanout | Control Sets |
+--------+--------------+
|      1 |            6 |
|      7 |            1 |
|     14 |            1 |
|    16+ |            1 |
+--------+--------------+


3. Flip-Flop Distribution
-------------------------

+--------------+-----------------------+------------------------+-----------------+--------------+
| Clock Enable | Synchronous Set/Reset | Asynchronous Set/Reset | Total Registers | Total Slices |
+--------------+-----------------------+------------------------+-----------------+--------------+
| No           | No                    | No                     |               0 |            0 |
| No           | No                    | Yes                    |              21 |            7 |
| No           | Yes                   | No                     |               2 |            2 |
| Yes          | No                    | No                     |               0 |            0 |
| Yes          | No                    | Yes                    |              24 |           15 |
| Yes          | Yes                   | No                     |               0 |            0 |
+--------------+-----------------------+------------------------+-----------------+--------------+


4. Detailed Control Set Information
-----------------------------------

+---------------------------------------+---------------+--------------------------------------+------------------+----------------+
|              Clock Signal             | Enable Signal |           Set/Reset Signal           | Slice Load Count | Bel Load Count |
+---------------------------------------+---------------+--------------------------------------+------------------+----------------+
|  calc_unit/r1/Q_reg[0]_LDC_i_1_n_0    |               | calc_unit/r1/Q_reg[0]_LDC_i_2_n_0    |                1 |              1 |
|  calc_unit/r2/Q_reg[0]_LDC_i_1__0_n_0 |               | calc_unit/r2/Q_reg[0]_LDC_i_2__0_n_0 |                1 |              1 |
|  clk_IBUF_BUFG                        |               | calc_unit/r2/Q_reg[0]_LDC_i_2__0_n_0 |                1 |              1 |
|  clk_IBUF_BUFG                        | btnD_IBUF     | calc_unit/r1/Q_reg[0]_LDC_i_1_n_0    |                1 |              1 |
|  clk_IBUF_BUFG                        | btnD_IBUF     | calc_unit/r1/Q_reg[0]_LDC_i_2_n_0    |                1 |              1 |
|  clk_IBUF_BUFG                        | btnU_IBUF     | calc_unit/r2/Q_reg[0]_LDC_i_1__0_n_0 |                1 |              1 |
|  clk_IBUF_BUFG                        | btnD_IBUF     | btnC_IBUF                            |                3 |              7 |
|  clk_IBUF_BUFG                        | btnU_IBUF     | btnC_IBUF                            |                9 |             14 |
|  clk_IBUF_BUFG                        |               | btnC_IBUF                            |                6 |             20 |
+---------------------------------------+---------------+--------------------------------------+------------------+----------------+


